<?xml version="1.0" encoding="UTF-8" ?>
<testsuite errors="0" failures="1" hostname="amir-laptop" name="com.liu.trymylanguage.client.TryMyLanguageTest" tests="1" time="0.307" timestamp="2011-12-09T15:38:36">
  <properties>
[...]
</properties>
  <testcase classname="junit.framework.TestSuite$1" name="warning" time="0.034">
    <failure message="No tests found in com.liu.trymylanguage.client.TryMyLanguageTest" type="junit.framework.AssertionFailedError">junit.framework.AssertionFailedError: No tests found in com.liu.trymylanguage.client.TryMyLanguageTest
</failure>
  </testcase>
  <system-out><![CDATA[]]></system-out>
  <system-err><![CDATA[]]></system-err>
</testsuite>
