<?xml version="1.0" encoding="UTF-8" ?>
<testsuite errors="0" failures="0" hostname="localhost" name="com.liu.trymylanguage.server.CompileServiceTest" tests="2" time="0.736" timestamp="2011-11-22T11:13:28">
  <properties>
[...]
</properties>
  <testcase classname="com.liu.trymylanguage.server.CompileServiceTest" name="test_returnFilename" time="0.149"></testcase>
  <testcase classname="com.liu.trymylanguage.server.CompileServiceTest" name="test_compileHello" time="0.359"></testcase>
  <system-out><![CDATA[Test
Hello
]]></system-out>
  <system-err><![CDATA[]]></system-err>
</testsuite>
